{"/Users/tanishsingh/Desktop/OrderMitra copy/Controller/public.order.controller.js": {"path":"/Users/tanishsingh/Desktop/OrderMitra copy/Controller/public.order.controller.js","statementMap":{"0":{"start":{"line":2,"column":15},"end":{"line":2,"column":43}},"1":{"start":{"line":4,"column":0},"end":{"line":165,"column":2}},"2":{"start":{"line":5,"column":2},"end":{"line":164,"column":3}},"3":{"start":{"line":6,"column":19},"end":{"line":6,"column":30}},"4":{"start":{"line":7,"column":17},"end":{"line":7,"column":30}},"5":{"start":{"line":10,"column":4},"end":{"line":12,"column":5}},"6":{"start":{"line":11,"column":6},"end":{"line":11,"column":86}},"7":{"start":{"line":14,"column":36},"end":{"line":14,"column":44}},"8":{"start":{"line":17,"column":4},"end":{"line":19,"column":5}},"9":{"start":{"line":18,"column":6},"end":{"line":18,"column":73}},"10":{"start":{"line":21,"column":24},"end":{"line":21,"column":44}},"11":{"start":{"line":21,"column":39},"end":{"line":21,"column":43}},"12":{"start":{"line":23,"column":22},"end":{"line":25,"column":6}},"13":{"start":{"line":27,"column":4},"end":{"line":29,"column":5}},"14":{"start":{"line":28,"column":6},"end":{"line":28,"column":80}},"15":{"start":{"line":32,"column":19},"end":{"line":32,"column":20}},"16":{"start":{"line":33,"column":4},"end":{"line":38,"column":5}},"17":{"start":{"line":34,"column":21},"end":{"line":34,"column":62}},"18":{"start":{"line":34,"column":41},"end":{"line":34,"column":61}},"19":{"start":{"line":35,"column":6},"end":{"line":35,"column":28}},"20":{"start":{"line":35,"column":19},"end":{"line":35,"column":28}},"21":{"start":{"line":36,"column":18},"end":{"line":36,"column":35}},"22":{"start":{"line":37,"column":6},"end":{"line":37,"column":37}},"23":{"start":{"line":42,"column":28},"end":{"line":42,"column":30}},"24":{"start":{"line":43,"column":34},"end":{"line":43,"column":49}},"25":{"start":{"line":44,"column":24},"end":{"line":44,"column":87}},"26":{"start":{"line":48,"column":27},"end":{"line":48,"column":70}},"27":{"start":{"line":51,"column":16},"end":{"line":51,"column":31}},"28":{"start":{"line":54,"column":23},"end":{"line":54,"column":68}},"29":{"start":{"line":57,"column":27},"end":{"line":59,"column":6}},"30":{"start":{"line":62,"column":24},"end":{"line":62,"column":43}},"31":{"start":{"line":64,"column":4},"end":{"line":64,"column":101}},"32":{"start":{"line":66,"column":18},"end":{"line":122,"column":6}},"33":{"start":{"line":80,"column":27},"end":{"line":80,"column":68}},"34":{"start":{"line":80,"column":47},"end":{"line":80,"column":67}},"35":{"start":{"line":81,"column":12},"end":{"line":85,"column":14}},"36":{"start":{"line":124,"column":4},"end":{"line":124,"column":105}},"37":{"start":{"line":127,"column":35},"end":{"line":127,"column":58}},"38":{"start":{"line":128,"column":4},"end":{"line":142,"column":7}},"39":{"start":{"line":146,"column":4},"end":{"line":159,"column":7}},"40":{"start":{"line":162,"column":4},"end":{"line":162,"column":44}},"41":{"start":{"line":163,"column":4},"end":{"line":163,"column":55}}},"fnMap":{"0":{"name":"(anonymous_0)","decl":{"start":{"line":4,"column":21},"end":{"line":4,"column":22}},"loc":{"start":{"line":4,"column":41},"end":{"line":165,"column":1}},"line":4},"1":{"name":"(anonymous_1)","decl":{"start":{"line":21,"column":34},"end":{"line":21,"column":35}},"loc":{"start":{"line":21,"column":39},"end":{"line":21,"column":43}},"line":21},"2":{"name":"(anonymous_2)","decl":{"start":{"line":34,"column":36},"end":{"line":34,"column":37}},"loc":{"start":{"line":34,"column":41},"end":{"line":34,"column":61}},"line":34},"3":{"name":"(anonymous_3)","decl":{"start":{"line":79,"column":28},"end":{"line":79,"column":29}},"loc":{"start":{"line":79,"column":40},"end":{"line":86,"column":11}},"line":79},"4":{"name":"(anonymous_4)","decl":{"start":{"line":80,"column":42},"end":{"line":80,"column":43}},"loc":{"start":{"line":80,"column":47},"end":{"line":80,"column":67}},"line":80}},"branchMap":{"0":{"loc":{"start":{"line":10,"column":4},"end":{"line":12,"column":5}},"type":"if","locations":[{"start":{"line":10,"column":4},"end":{"line":12,"column":5}},{"start":{},"end":{}}],"line":10},"1":{"loc":{"start":{"line":10,"column":8},"end":{"line":10,"column":46}},"type":"binary-expr","locations":[{"start":{"line":10,"column":8},"end":{"line":10,"column":27}},{"start":{"line":10,"column":31},"end":{"line":10,"column":46}}],"line":10},"2":{"loc":{"start":{"line":17,"column":4},"end":{"line":19,"column":5}},"type":"if","locations":[{"start":{"line":17,"column":4},"end":{"line":19,"column":5}},{"start":{},"end":{}}],"line":17},"3":{"loc":{"start":{"line":17,"column":8},"end":{"line":17,"column":68}},"type":"binary-expr","locations":[{"start":{"line":17,"column":8},"end":{"line":17,"column":21}},{"start":{"line":17,"column":25},"end":{"line":17,"column":46}},{"start":{"line":17,"column":50},"end":{"line":17,"column":68}}],"line":17},"4":{"loc":{"start":{"line":27,"column":4},"end":{"line":29,"column":5}},"type":"if","locations":[{"start":{"line":27,"column":4},"end":{"line":29,"column":5}},{"start":{},"end":{}}],"line":27},"5":{"loc":{"start":{"line":35,"column":6},"end":{"line":35,"column":28}},"type":"if","locations":[{"start":{"line":35,"column":6},"end":{"line":35,"column":28}},{"start":{},"end":{}}],"line":35},"6":{"loc":{"start":{"line":36,"column":18},"end":{"line":36,"column":35}},"type":"binary-expr","locations":[{"start":{"line":36,"column":18},"end":{"line":36,"column":30}},{"start":{"line":36,"column":34},"end":{"line":36,"column":35}}],"line":36},"7":{"loc":{"start":{"line":71,"column":19},"end":{"line":71,"column":45}},"type":"binary-expr","locations":[{"start":{"line":71,"column":19},"end":{"line":71,"column":37}},{"start":{"line":71,"column":41},"end":{"line":71,"column":45}}],"line":71},"8":{"loc":{"start":{"line":83,"column":24},"end":{"line":83,"column":41}},"type":"binary-expr","locations":[{"start":{"line":83,"column":24},"end":{"line":83,"column":36}},{"start":{"line":83,"column":40},"end":{"line":83,"column":41}}],"line":83},"9":{"loc":{"start":{"line":84,"column":21},"end":{"line":84,"column":39}},"type":"binary-expr","locations":[{"start":{"line":84,"column":21},"end":{"line":84,"column":34}},{"start":{"line":84,"column":38},"end":{"line":84,"column":39}}],"line":84}},"s":{"0":1,"1":1,"2":2,"3":2,"4":2,"5":2,"6":1,"7":1,"8":1,"9":0,"10":1,"11":1,"12":1,"13":1,"14":0,"15":1,"16":1,"17":1,"18":1,"19":1,"20":0,"21":1,"22":1,"23":1,"24":1,"25":1,"26":1,"27":1,"28":1,"29":1,"30":1,"31":1,"32":1,"33":1,"34":1,"35":1,"36":1,"37":1,"38":1,"39":1,"40":0,"41":0},"f":{"0":2,"1":1,"2":1,"3":1,"4":1},"b":{"0":[1,1],"1":[2,1],"2":[0,1],"3":[1,1,1],"4":[0,1],"5":[0,1],"6":[1,0],"7":[1,1],"8":[1,0],"9":[1,0]},"_coverageSchema":"1a1c01bbd47fc00a2c39e90264f33305004495a9","hash":"5e9b52a77fc11bc9d0c02ef302aa3bf633e1d32c"}
}
