TN:
SF:Controller/public.order.controller.js
FN:4,(anonymous_0)
FN:21,(anonymous_1)
FN:34,(anonymous_2)
FN:79,(anonymous_3)
FN:80,(anonymous_4)
FNF:5
FNH:5
FNDA:2,(anonymous_0)
FNDA:1,(anonymous_1)
FNDA:1,(anonymous_2)
FNDA:1,(anonymous_3)
FNDA:1,(anonymous_4)
DA:2,1
DA:4,1
DA:5,2
DA:6,2
DA:7,2
DA:10,2
DA:11,1
DA:14,1
DA:17,1
DA:18,0
DA:21,1
DA:23,1
DA:27,1
DA:28,0
DA:32,1
DA:33,1
DA:34,1
DA:35,1
DA:36,1
DA:37,1
DA:42,1
DA:43,1
DA:44,1
DA:48,1
DA:51,1
DA:54,1
DA:57,1
DA:62,1
DA:64,1
DA:66,1
DA:80,1
DA:81,1
DA:124,1
DA:127,1
DA:128,1
DA:146,1
DA:162,0
DA:163,0
LF:38
LH:34
BRDA:10,0,0,1
BRDA:10,0,1,1
BRDA:10,1,0,2
BRDA:10,1,1,1
BRDA:17,2,0,0
BRDA:17,2,1,1
BRDA:17,3,0,1
BRDA:17,3,1,1
BRDA:17,3,2,1
BRDA:27,4,0,0
BRDA:27,4,1,1
BRDA:35,5,0,0
BRDA:35,5,1,1
BRDA:36,6,0,1
BRDA:36,6,1,0
BRDA:71,7,0,1
BRDA:71,7,1,1
BRDA:83,8,0,1
BRDA:83,8,1,0
BRDA:84,9,0,1
BRDA:84,9,1,0
BRF:21
BRH:15
end_of_record
